<?xml version="1.0" encoding="UTF-8"?>
<testng-results ignored="0" total="2" passed="2" failed="0" skipped="0">
  <reporter-output>
  </reporter-output>
  <suite started-at="2023-09-12T12:14:24 IST" name="LambaTestSuite" finished-at="2023-09-12T12:14:48 IST" duration-ms="23338">
    <groups>
    </groups>
    <test started-at="2023-09-12T12:14:24 IST" name="WIN10TEST" finished-at="2023-09-12T12:14:42 IST" duration-ms="17323">
      <class name="lambdaAssignmentPack.LambdaAssignmentClass1">
        <test-method is-config="true" signature="lambdatest(org.testng.ITestContext)[pri:0, instance:lambdaAssignmentPack.LambdaAssignmentClass1@2e6a8155]" started-at="2023-09-12T12:14:24 IST" name="lambdatest" finished-at="2023-09-12T12:14:24 IST" duration-ms="8" status="PASS">
          <params>
            <param index="0">
              <value>
                <![CDATA[org.testng.TestRunner@70cf32e3]]>
              </value>
            </param>
          </params>
          <reporter-output>
          </reporter-output>
        </test-method> <!-- lambdatest -->
        <test-method signature="testSimple()[pri:0, instance:lambdaAssignmentPack.LambdaAssignmentClass1@2e6a8155]" started-at="2023-09-12T12:14:24 IST" name="testSimple" finished-at="2023-09-12T12:14:39 IST" duration-ms="15198" status="PASS">
          <reporter-output>
          </reporter-output>
        </test-method> <!-- testSimple -->
        <test-method is-config="true" signature="tearDown()[pri:0, instance:lambdaAssignmentPack.LambdaAssignmentClass1@2e6a8155]" started-at="2023-09-12T12:14:39 IST" name="tearDown" finished-at="2023-09-12T12:14:42 IST" duration-ms="2082" status="PASS">
          <reporter-output>
          </reporter-output>
        </test-method> <!-- tearDown -->
      </class> <!-- lambdaAssignmentPack.LambdaAssignmentClass1 -->
    </test> <!-- WIN10TEST -->
    <test started-at="2023-09-12T12:14:24 IST" name="MACTEST" finished-at="2023-09-12T12:14:48 IST" duration-ms="23338">
      <class name="lambdaAssignmentPack.LambdaAssignmentClass1">
        <test-method is-config="true" signature="lambdatest(org.testng.ITestContext)[pri:0, instance:lambdaAssignmentPack.LambdaAssignmentClass1@470734c3]" started-at="2023-09-12T12:14:24 IST" name="lambdatest" finished-at="2023-09-12T12:14:24 IST" duration-ms="8" status="PASS">
          <params>
            <param index="0">
              <value>
                <![CDATA[org.testng.TestRunner@5a59ca5e]]>
              </value>
            </param>
          </params>
          <reporter-output>
          </reporter-output>
        </test-method> <!-- lambdatest -->
        <test-method signature="testSimple()[pri:0, instance:lambdaAssignmentPack.LambdaAssignmentClass1@470734c3]" started-at="2023-09-12T12:14:24 IST" name="testSimple" finished-at="2023-09-12T12:14:46 IST" duration-ms="21488" status="PASS">
          <reporter-output>
          </reporter-output>
        </test-method> <!-- testSimple -->
        <test-method is-config="true" signature="tearDown()[pri:0, instance:lambdaAssignmentPack.LambdaAssignmentClass1@470734c3]" started-at="2023-09-12T12:14:46 IST" name="tearDown" finished-at="2023-09-12T12:14:48 IST" duration-ms="1814" status="PASS">
          <reporter-output>
          </reporter-output>
        </test-method> <!-- tearDown -->
      </class> <!-- lambdaAssignmentPack.LambdaAssignmentClass1 -->
    </test> <!-- MACTEST -->
  </suite> <!-- LambaTestSuite -->
</testng-results>
